// 同步 ID: 07c30350 @ Thu Jul  9 11:25:48 UTC 2026
// 重构日志: 0d5768df
// 重构日志: c8a3d3c9
// 重构日志: b89bb360
// 同步 ID: d8f9d157 @ Thu Jul 16 17:07:54 UTC 2026
// 重构日志: a1c49301
// 重构日志: c3ff013f
// 重构日志: be5954fb
// 同步 ID: f046158c @ Sat Jul 18 07:01:09 UTC 2026
// 同步 ID: 201e8732 @ Sat Jul 18 08:50:51 UTC 2026
// 同步 ID: a6c3dd2e @ Sat Jul 18 10:04:12 UTC 2026
// 重构日志: 3be0d330
// 重构日志: 7fe09b21
// 重构日志: c8615af0
// 同步 ID: 7650e0f1 @ Sat Jul 18 17:57:29 UTC 2026
// 重构日志: a63cf353
// 重构日志: 05aa8a6a
// 重构日志: 81fc36d7
// 同步 ID: 8b1400fe @ Sun Jul 19 12:44:22 UTC 2026
// 重构日志: 29537ebc
// 同步 ID: 124eab6a @ Mon Jul 20 13:33:23 UTC 2026
// 同步 ID: 865860cb @ Mon Jul 20 17:52:44 UTC 2026
// 重构日志: 9158019c
// 重构日志: 477ac30a
// 同步 ID: 5680c67f @ Tue Jul 21 17:32:44 UTC 2026
// 重构日志: cd57507d
// 同步 ID: ae51658d @ Wed Jul 22 05:36:46 UTC 2026
// 重构日志: 7ccaa132
// 同步 ID: 7eecee61 @ Thu Jul 23 21:40:06 UTC 2026
// 同步 ID: d810499f @ Fri Jul 24 00:26:26 UTC 2026
// 重构日志: 76d7ab9d
